Configuring yaml-0.8.15.2...
Building yaml-0.8.15.2...
Preprocessing library yaml-0.8.15.2...
[1 of 8] Compiling Text.Libyaml     ( Text/Libyaml.hs, .stack-work/dist/x86_64-osx/Cabal-1.22.5.0/build/Text/Libyaml.o )
[2 of 8] Compiling Data.Yaml.Internal ( Data/Yaml/Internal.hs, .stack-work/dist/x86_64-osx/Cabal-1.22.5.0/build/Data/Yaml/Internal.o )
[3 of 8] Compiling Data.Yaml        ( Data/Yaml.hs, .stack-work/dist/x86_64-osx/Cabal-1.22.5.0/build/Data/Yaml.o )
[4 of 8] Compiling Data.Yaml.Aeson  ( Data/Yaml/Aeson.hs, .stack-work/dist/x86_64-osx/Cabal-1.22.5.0/build/Data/Yaml/Aeson.o )
[5 of 8] Compiling Data.Yaml.Builder ( Data/Yaml/Builder.hs, .stack-work/dist/x86_64-osx/Cabal-1.22.5.0/build/Data/Yaml/Builder.o )
[6 of 8] Compiling Data.Yaml.Pretty ( Data/Yaml/Pretty.hs, .stack-work/dist/x86_64-osx/Cabal-1.22.5.0/build/Data/Yaml/Pretty.o )
[7 of 8] Compiling Data.Yaml.Parser ( Data/Yaml/Parser.hs, .stack-work/dist/x86_64-osx/Cabal-1.22.5.0/build/Data/Yaml/Parser.o )
[8 of 8] Compiling Data.Yaml.Include ( Data/Yaml/Include.hs, .stack-work/dist/x86_64-osx/Cabal-1.22.5.0/build/Data/Yaml/Include.o )

c/helper.c:19:26:
     warning: use of logical '||' with constant operand [-Wconstant-logical-operand]
            for (new_size = b->size || 8; new_size < new_used; new_size *= 2);
                                    ^  ~

c/helper.c:19:26:
     note: use '|' for a bitwise operation
            for (new_size = b->size || 8; new_size < new_used; new_size *= 2);
                                    ^~
                                    |

c/helper.c:24:11:
     warning: assigning to 'unsigned char *' from 'char *' converts between pointers to integer types with different sign [-Wpointer-sign]
                    b->buff = tmp;
                            ^ ~~~

c/helper.c:51:9:
     warning: returning 'const char *' from a function with result type 'const unsigned char *' converts between pointers to integer types with different sign [-Wpointer-sign]
            return p->problem;
                   ^~~~~~~~~~

c/helper.c:56:9:
     warning: returning 'const char *' from a function with result type 'const unsigned char *' converts between pointers to integer types with different sign [-Wpointer-sign]
            return p->context;
                   ^~~~~~~~~~

c/helper.c:76:9:
     warning: returning 'const char *' from a function with result type 'const unsigned char *' converts between pointers to integer types with different sign [-Wpointer-sign]
            return e->problem;
                   ^~~~~~~~~~

c/helper.c:107:12:
     warning: assigning to 'unsigned char *' from 'char [1]' converts between pointers to integer types with different sign [-Wpointer-sign]
            if (!s) s = "";
                      ^ ~~

c/helper.c:113:16:
     warning: passing 'unsigned char *' to parameter of type 'const char *' converts between pointers to integer types with different sign [-Wpointer-sign]
            return strlen(get_scalar_tag(e));
                          ^~~~~~~~~~~~~~~~~

/Applications/Xcode.app/Contents/Developer/Platforms/MacOSX.platform/Developer/SDKs/MacOSX10.11.sdk/usr/include/string.h:82:28:
     note: passing argument to parameter here
size_t   strlen(const char *);
                            ^

c/helper.c:146:1:
     warning: control may reach end of non-void function [-Wreturn-type]
}
^
8 warnings generated.

c/helper.c:19:26:
     warning: use of logical '||' with constant operand [-Wconstant-logical-operand]
            for (new_size = b->size || 8; new_size < new_used; new_size *= 2);
                                    ^  ~

c/helper.c:19:26:
     note: use '|' for a bitwise operation
            for (new_size = b->size || 8; new_size < new_used; new_size *= 2);
                                    ^~
                                    |

c/helper.c:24:11:
     warning: assigning to 'unsigned char *' from 'char *' converts between pointers to integer types with different sign [-Wpointer-sign]
                    b->buff = tmp;
                            ^ ~~~

c/helper.c:51:9:
     warning: returning 'const char *' from a function with result type 'const unsigned char *' converts between pointers to integer types with different sign [-Wpointer-sign]
            return p->problem;
                   ^~~~~~~~~~

c/helper.c:56:9:
     warning: returning 'const char *' from a function with result type 'const unsigned char *' converts between pointers to integer types with different sign [-Wpointer-sign]
            return p->context;
                   ^~~~~~~~~~

c/helper.c:76:9:
     warning: returning 'const char *' from a function with result type 'const unsigned char *' converts between pointers to integer types with different sign [-Wpointer-sign]
            return e->problem;
                   ^~~~~~~~~~

c/helper.c:107:12:
     warning: assigning to 'unsigned char *' from 'char [1]' converts between pointers to integer types with different sign [-Wpointer-sign]
            if (!s) s = "";
                      ^ ~~

c/helper.c:113:16:
     warning: passing 'unsigned char *' to parameter of type 'const char *' converts between pointers to integer types with different sign [-Wpointer-sign]
            return strlen(get_scalar_tag(e));
                          ^~~~~~~~~~~~~~~~~

/Applications/Xcode.app/Contents/Developer/Platforms/MacOSX.platform/Developer/SDKs/MacOSX10.11.sdk/usr/include/string.h:82:28:
     note: passing argument to parameter here
size_t   strlen(const char *);
                            ^

c/helper.c:146:1:
     warning: control may reach end of non-void function [-Wreturn-type]
}
^
8 warnings generated.

libyaml/api.c:837:34:
     warning: assigning to 'yaml_char_t *' (aka 'unsigned char *') from 'char [1]' converts between pointers to integer types with different sign [-Wpointer-sign]
        if (!value && !length) value = "";
                                     ^ ~~
1 warning generated.

libyaml/api.c:837:34:
     warning: assigning to 'yaml_char_t *' (aka 'unsigned char *') from 'char [1]' converts between pointers to integer types with different sign [-Wpointer-sign]
        if (!value && !length) value = "";
                                     ^ ~~
1 warning generated.
In-place registering yaml-0.8.15.2...
Preprocessing executable 'yaml2json' for yaml-0.8.15.2...
[1 of 1] Compiling Main             ( exe/yaml2json.hs, .stack-work/dist/x86_64-osx/Cabal-1.22.5.0/build/yaml2json/yaml2json-tmp/Main.o )
Linking .stack-work/dist/x86_64-osx/Cabal-1.22.5.0/build/yaml2json/yaml2json ...
Preprocessing executable 'json2yaml' for yaml-0.8.15.2...
[1 of 1] Compiling Main             ( exe/json2yaml.hs, .stack-work/dist/x86_64-osx/Cabal-1.22.5.0/build/json2yaml/json2yaml-tmp/Main.o )
Linking .stack-work/dist/x86_64-osx/Cabal-1.22.5.0/build/json2yaml/json2yaml ...
Installing library in
/Users/MichielDeCuyper/.stack/snapshots/x86_64-osx/nightly-2015-12-16/7.10.3/lib/x86_64-osx-ghc-7.10.3/yaml-0.8.15.2-4S7BJbXBGkrAoSug3L0lGy
Installing executable(s) in
/Users/MichielDeCuyper/.stack/snapshots/x86_64-osx/nightly-2015-12-16/7.10.3/bin
Registering yaml-0.8.15.2...
